This is LuaHBTeX, Version 1.14.0 (MiKTeX 22.1) (format=lualatex 2023.9.26)  26 SEP 2023 23:00
 restricted system commands enabled.
**Protocolo.tex
(./Protocolo.tex
LaTeX2e <2023-06-01> patch level 1
L3 programming layer <2023-08-29>
Lua module: luaotfload 2023-08-31 3.26 Lua based OpenType font support
Lua module: lualibs 2023-07-13 2.76 ConTeXt Lua standard libraries.
Lua module: lualibs-extended 2023-07-13 2.76 ConTeXt Lua libraries -- extended c
ollection.
luaotfload | conf : Root cache directory is "/Users/frank/Library/Application Su
pport/MiKTeX/texmfs/data/luatex-cache/generic/names".
luaotfload | init : Loading fontloader "fontloader-2023-08-19.lua" from kpse-res
olved path "/Users/frank/Library/Application Support/MiKTeX/texmfs/install/tex/l
uatex/luaotfload/fontloader-2023-08-19.lua".
Lua-only attribute luaotfload@noligature = 1
luaotfload | init : Context OpenType loader version 3.133
Inserting `luaotfload.node_processor' in `pre_linebreak_filter'.
Inserting `luaotfload.node_processor' in `hpack_filter'.
Inserting `luaotfload.glyph_stream' in `glyph_stream_provider'.
Inserting `luaotfload.define_font' in `define_font'.
Lua-only attribute luaotfload_color_attribute = 2
luaotfload | conf : Root cache directory is "/Users/frank/Library/Application Su
pport/MiKTeX/texmfs/data/luatex-cache/generic/names".
Inserting `luaotfload.harf.strip_prefix' in `find_opentype_file'.
Inserting `luaotfload.harf.strip_prefix' in `find_truetype_file'.
Removing  `luaotfload.glyph_stream' from `glyph_stream_provider'.
Inserting `luaotfload.harf.glyphstream' in `glyph_stream_provider'.
Inserting `luaotfload.harf.finalize_vlist' in `post_linebreak_filter'.
Inserting `luaotfload.harf.finalize_hlist' in `hpack_filter'.
Inserting `luaotfload.cleanup_files' in `wrapup_run'.
Inserting `luaotfload.harf.finalize_unicode' in `finish_pdffile'.
Inserting `luaotfload.glyphinfo' in `glyph_info'.
Lua-only attribute luaotfload.letterspace_done = 3
Inserting `luaotfload.aux.set_sscale_dimens' in `luaotfload.patch_font'.
Inserting `luaotfload.aux.set_font_index' in `luaotfload.patch_font'.
Inserting `luaotfload.aux.patch_cambria_domh' in `luaotfload.patch_font'.
Inserting `luaotfload.aux.fixup_fontdata' in `luaotfload.patch_font_unsafe'.
Inserting `luaotfload.aux.set_capheight' in `luaotfload.patch_font'.
Inserting `luaotfload.aux.set_xheight' in `luaotfload.patch_font'.
Inserting `luaotfload.rewrite_fontname' in `luaotfload.patch_font'.
Inserting `tracingstacklevels' in `input_level_string'. (./ITTol-Protocolo.cls
Document Class: ITTol-Protocolo 2022/10/22

("/Users/frank/Library/Application Support/MiKTeX/texmfs/install/tex/latex/base
/book.cls"
Document Class: book 2023/05/17 v1.4n Standard LaTeX document class

("/Users/frank/Library/Application Support/MiKTeX/texmfs/install/tex/latex/base
/bk11.clo"
File: bk11.clo 2023/05/17 v1.4n Standard LaTeX file (size option)
luaotfload | db : Font names database loaded from /Users/frank/Library/Applicati
on Support/MiKTeX/texmfs/data/luatex-cache/generic/names/luaotfload-names.luc.gz
)
\c@part=\count183
\c@chapter=\count184
\c@section=\count185
\c@subsection=\count186
\c@subsubsection=\count187
\c@paragraph=\count188
\c@subparagraph=\count189
\c@figure=\count190
\c@table=\count191
\abovecaptionskip=\skip48
\belowcaptionskip=\skip49
\bibindent=\dimen139
)
("/Users/frank/Library/Application Support/MiKTeX/texmfs/install/tex/latex/base
/fontenc.sty"
Package: fontenc 2021/04/29 v2.0v Standard LaTeX package
LaTeX Font Info:    Trying to load font information for T1+lmr on input line 11
2.

("/Users/frank/Library/Application Support/MiKTeX/texmfs/install/tex/latex/lm/t
1lmr.fd"
File: t1lmr.fd 2015/05/01 v1.6.1 Font defs for Latin Modern
))
("/Users/frank/Library/Application Support/MiKTeX/texmfs/install/tex/latex/base
/inputenc.sty"
Package: inputenc 2021/02/14 v1.3d Input encoding file
\inpenc@prehook=\toks17
\inpenc@posthook=\toks18


Package inputenc Warning: inputenc package ignored with utf8 based engines.

)
("/Users/frank/Library/Application Support/MiKTeX/texmfs/install/tex/latex/micr
otype/microtype.sty"
Package: microtype 2023/03/13 v3.1a Micro-typographical refinements (RS)

("/Users/frank/Library/Application Support/MiKTeX/texmfs/install/tex/latex/grap
hics/keyval.sty"
Package: keyval 2022/05/29 v1.15 key=value parser (DPC)
\KV@toks@=\toks19
)
("/Users/frank/Library/Application Support/MiKTeX/texmfs/install/tex/latex/etoo
lbox/etoolbox.sty"
Package: etoolbox 2020/10/05 v2.5k e-TeX tools for LaTeX (JAW)
\etb@tempcnta=\count192
)
\MT@toks=\toks20
\MT@tempbox=\box51
\MT@count=\count193
LaTeX Info: Redefining \noprotrusionifhmode on input line 1059.
LaTeX Info: Redefining \leftprotrusion on input line 1060.
\MT@prot@toks=\toks21
LaTeX Info: Redefining \rightprotrusion on input line 1078.
LaTeX Info: Redefining \textls on input line 1368.
\MT@outer@kern=\dimen140
LaTeX Info: Redefining \textmicrotypecontext on input line 1988.
\MT@listname@count=\count194

("/Users/frank/Library/Application Support/MiKTeX/texmfs/install/tex/latex/micr
otype/microtype-luatex.def"
File: microtype-luatex.def 2023/03/13 v3.1a Definitions specific to luatex (RS)

Lua module: microtype 2023/03/13 3.1a microtype module.
Module microtype Info: overwriting function `keepligature' on input line 63
LaTeX Info: Redefining \lsstyle on input line 688.
LaTeX Info: Redefining \lslig on input line 688.
\MT@outer@space=\skip50
)
Package microtype Info: Loading configuration file microtype.cfg.

("/Users/frank/Library/Application Support/MiKTeX/texmfs/install/tex/latex/micr
otype/microtype.cfg"
File: microtype.cfg 2023/03/13 v3.1a microtype main configuration file (RS)
))
("/Users/frank/Library/Application Support/MiKTeX/texmfs/install/tex/latex/four
ier/fourier.sty"
Package: fourier 2022/02/05 2.3 fourier-GUTenberg package

("/Users/frank/Library/Application Support/MiKTeX/texmfs/install/tex/generic/if
tex/iftex.sty"
Package: iftex 2022/02/03 v1.0f TeX engine tests
)

Package fourier Warning: Please consider loading "fourier-otf.sty" instead of
(fourier)                "fourier.sty" with Unicode engines LuaTeX or XeTeX,
(fourier)                so that Type1 fonts get replaced by OpenType fonts.
(fourier)                See file "Erewhon-Math.pdf" for more information.


("/Users/frank/Library/Application Support/MiKTeX/texmfs/install/tex/latex/base
/fontenc.sty"
Package: fontenc 2021/04/29 v2.0v Standard LaTeX package
LaTeX Font Info:    Trying to load font information for T1+futs on input line 1
12.

("/Users/frank/Library/Application Support/MiKTeX/texmfs/install/tex/latex/four
ier/t1futs.fd"
File: t1futs.fd 2004/03/02 Fontinst v1.926 font definitions for T1/futs.
))
("/Users/frank/Library/Application Support/MiKTeX/texmfs/install/tex/latex/base
/textcomp.sty"
Package: textcomp 2020/02/02 v2.0n Standard LaTeX package
)
("/Users/frank/Library/Application Support/MiKTeX/texmfs/install/tex/latex/four
ier/fourier-orns.sty"
Package: fourier-orns 2022/02/05 2.3 fourier-ornaments package
)
LaTeX Font Info:    Redeclaring symbol font `operators' on input line 63.
LaTeX Font Info:    Encoding `OT1' has changed to `T1' for symbol font
(Font)              `operators' in the math version `normal' on input line 63.
LaTeX Font Info:    Overwriting symbol font `operators' in version `normal'
(Font)                  OT1/cmr/m/n --> T1/futs/m/n on input line 63.
LaTeX Font Info:    Encoding `OT1' has changed to `T1' for symbol font
(Font)              `operators' in the math version `bold' on input line 63.
LaTeX Font Info:    Overwriting symbol font `operators' in version `bold'
(Font)                  OT1/cmr/bx/n --> T1/futs/m/n on input line 63.
LaTeX Font Info:    Overwriting symbol font `operators' in version `bold'
(Font)                  T1/futs/m/n --> T1/futs/b/n on input line 64.
LaTeX Font Info:    Redeclaring symbol font `letters' on input line 72.
LaTeX Font Info:    Encoding `OML' has changed to `FML' for symbol font
(Font)              `letters' in the math version `normal' on input line 72.
LaTeX Font Info:    Overwriting symbol font `letters' in version `normal'
(Font)                  OML/cmm/m/it --> FML/futmi/m/it on input line 72.
LaTeX Font Info:    Encoding `OML' has changed to `FML' for symbol font
(Font)              `letters' in the math version `bold' on input line 72.
LaTeX Font Info:    Overwriting symbol font `letters' in version `bold'
(Font)                  OML/cmm/b/it --> FML/futmi/m/it on input line 72.
\symotherletters=\mathgroup4
LaTeX Font Info:    Overwriting symbol font `letters' in version `bold'
(Font)                  FML/futmi/m/it --> FML/futmi/b/it on input line 74.
LaTeX Font Info:    Overwriting symbol font `otherletters' in version `bold'
(Font)                  FML/futm/m/it --> FML/futm/b/it on input line 75.
LaTeX Font Info:    Redeclaring math symbol \Gamma on input line 76.
LaTeX Font Info:    Redeclaring math symbol \Delta on input line 77.
LaTeX Font Info:    Redeclaring math symbol \Theta on input line 78.
LaTeX Font Info:    Redeclaring math symbol \Lambda on input line 79.
LaTeX Font Info:    Redeclaring math symbol \Xi on input line 80.
LaTeX Font Info:    Redeclaring math symbol \Pi on input line 81.
LaTeX Font Info:    Redeclaring math symbol \Sigma on input line 82.
LaTeX Font Info:    Redeclaring math symbol \Upsilon on input line 83.
LaTeX Font Info:    Redeclaring math symbol \Phi on input line 84.
LaTeX Font Info:    Redeclaring math symbol \Psi on input line 85.
LaTeX Font Info:    Redeclaring math symbol \Omega on input line 86.
LaTeX Font Info:    Redeclaring symbol font `symbols' on input line 126.
LaTeX Font Info:    Encoding `OMS' has changed to `FMS' for symbol font
(Font)              `symbols' in the math version `normal' on input line 126.
LaTeX Font Info:    Overwriting symbol font `symbols' in version `normal'
(Font)                  OMS/cmsy/m/n --> FMS/futm/m/n on input line 126.
LaTeX Font Info:    Encoding `OMS' has changed to `FMS' for symbol font
(Font)              `symbols' in the math version `bold' on input line 126.
LaTeX Font Info:    Overwriting symbol font `symbols' in version `bold'
(Font)                  OMS/cmsy/b/n --> FMS/futm/m/n on input line 126.
LaTeX Font Info:    Redeclaring symbol font `largesymbols' on input line 127.
LaTeX Font Info:    Encoding `OMX' has changed to `FMX' for symbol font
(Font)              `largesymbols' in the math version `normal' on input line 1
27.
LaTeX Font Info:    Overwriting symbol font `largesymbols' in version `normal'
(Font)                  OMX/cmex/m/n --> FMX/futm/m/n on input line 127.
LaTeX Font Info:    Encoding `OMX' has changed to `FMX' for symbol font
(Font)              `largesymbols' in the math version `bold' on input line 127
.
LaTeX Font Info:    Overwriting symbol font `largesymbols' in version `bold'
(Font)                  OMX/cmex/m/n --> FMX/futm/m/n on input line 127.
LaTeX Font Info:    Redeclaring math alphabet \mathbf on input line 128.
LaTeX Font Info:    Overwriting math alphabet `\mathbf' in version `normal'
(Font)                  OT1/cmr/bx/n --> T1/futs/bx/n on input line 128.
LaTeX Font Info:    Overwriting math alphabet `\mathbf' in version `bold'
(Font)                  OT1/cmr/bx/n --> T1/futs/bx/n on input line 128.
LaTeX Font Info:    Redeclaring math alphabet \mathrm on input line 129.
LaTeX Font Info:    Redeclaring math alphabet \mathit on input line 130.
LaTeX Font Info:    Overwriting math alphabet `\mathit' in version `normal'
(Font)                  OT1/cmr/m/it --> T1/futs/m/it on input line 130.
LaTeX Font Info:    Overwriting math alphabet `\mathit' in version `bold'
(Font)                  OT1/cmr/bx/it --> T1/futs/m/it on input line 130.
LaTeX Font Info:    Redeclaring math alphabet \mathcal on input line 131.
LaTeX Font Info:    Redeclaring math symbol \parallel on input line 147.
LaTeX Font Info:    Redeclaring math symbol \hbar on input line 161.
LaTeX Font Info:    Redeclaring math symbol \varkappa on input line 199.
LaTeX Font Info:    Redeclaring math symbol \varvarrho on input line 200.
LaTeX Font Info:    Redeclaring math delimiter \Vert on input line 223.
LaTeX Font Info:    Redeclaring math delimiter \vert on input line 228.
LaTeX Font Info:    Redeclaring math delimiter \Downarrow on input line 238.
LaTeX Font Info:    Redeclaring math delimiter \backslash on input line 240.
LaTeX Font Info:    Redeclaring math delimiter \rangle on input line 242.
LaTeX Font Info:    Redeclaring math delimiter \langle on input line 244.
LaTeX Font Info:    Redeclaring math delimiter \rbrace on input line 246.
LaTeX Font Info:    Redeclaring math delimiter \lbrace on input line 248.
LaTeX Font Info:    Redeclaring math delimiter \rceil on input line 250.
LaTeX Font Info:    Redeclaring math delimiter \lceil on input line 252.
LaTeX Font Info:    Redeclaring math delimiter \rfloor on input line 254.
LaTeX Font Info:    Redeclaring math delimiter \lfloor on input line 256.
LaTeX Font Info:    Redeclaring math accent \acute on input line 260.
LaTeX Font Info:    Redeclaring math accent \grave on input line 261.
LaTeX Font Info:    Redeclaring math accent \ddot on input line 262.
LaTeX Font Info:    Redeclaring math accent \tilde on input line 263.
LaTeX Font Info:    Redeclaring math accent \bar on input line 264.
LaTeX Font Info:    Redeclaring math accent \breve on input line 265.
LaTeX Font Info:    Redeclaring math accent \check on input line 266.
LaTeX Font Info:    Redeclaring math accent \hat on input line 267.
LaTeX Font Info:    Redeclaring math accent \dot on input line 268.
LaTeX Font Info:    Redeclaring math accent \mathring on input line 269.
\symUfutm=\mathgroup5
)
("/Users/frank/Library/Application Support/MiKTeX/texmfs/install/tex/generic/ba
bel/babel.sty"
Package: babel 2023/09/12 v3.94 The Babel package

("/Users/frank/Library/Application Support/MiKTeX/texmfs/install/tex/generic/ba
bel/luababel.def"
\bbl@readstream=\read2
\babelcatcodetablenum=\catcodetable14
\bbl@pattcodes=\catcodetable15
)
\babel@savecnt=\count195
\U@D=\dimen141
\l@unhyphenated=\language1

("/Users/frank/Library/Application Support/MiKTeX/texmfs/install/tex/generic/ba
bel/luababel.def"
\bbl@attr@locale=\attribute4
)
*************************************
* Local config file bblopts.cfg used
*

("/Users/frank/Library/Application Support/MiKTeX/texmfs/install/tex/latex/arab
i/bblopts.cfg"
File: bblopts.cfg 2005/09/08 v0.1 add Arabic and Farsi to "declared" options of
 babel
)
("/Users/frank/Library/Application Support/MiKTeX/texmfs/install/tex/latex/babe
l-spanish/spanish.ldf"
Language: spanish.ldf 2021/05/27 v5.0q Spanish support from the babel system


Package babel Warning: No hyphenation patterns were preloaded for
(babel)                the language 'Spanish' into the format.
(babel)                Please, configure your TeX system to add them and
(babel)                rebuild the format. Now I will use the patterns
(babel)                preloaded for \language=0 instead on input line 51.

\es@quottoks=\toks22
\es@quotdepth=\count196
Package babel Info: Making " an active character on input line 570.
Package babel Info: No hyphenation patterns were set for
(babel)             language 'spanish'. Reported on input line 867.
))
("/Users/frank/Library/Application Support/MiKTeX/texmfs/install/tex/generic/ba
bel/locale/es/babel-spanish.tex"
Package babel Info: Importing font and identification data for spanish
(babel)             from babel-es.ini. Reported on input line 11.
)
("/Users/frank/Library/Application Support/MiKTeX/texmfs/install/tex/latex/geom
etry/geometry.sty"
Package: geometry 2020/01/02 v5.9 Page Geometry

("/Users/frank/Library/Application Support/MiKTeX/texmfs/install/tex/generic/if
tex/ifvtex.sty"
Package: ifvtex 2019/10/25 v1.7 ifvtex legacy package. Use iftex instead.
)
\Gm@cnth=\count197
\Gm@cntv=\count198
\c@Gm@tempcnt=\count199
\Gm@bindingoffset=\dimen142
\Gm@wd@mp=\dimen143
\Gm@odd@mp=\dimen144
\Gm@even@mp=\dimen145
\Gm@layoutwidth=\dimen146
\Gm@layoutheight=\dimen147
\Gm@layouthoffset=\dimen148
\Gm@layoutvoffset=\dimen149
\Gm@dimlist=\toks23

("/Users/frank/Library/Application Support/MiKTeX/texmfs/install/tex/latex/geom
etry/geometry.cfg"))
("/Users/frank/Library/Application Support/MiKTeX/texmfs/install/tex/latex/xcol
or/xcolor.sty"
Package: xcolor 2022/06/12 v2.14 LaTeX color extensions (UK)

("/Users/frank/Library/Application Support/MiKTeX/texmfs/install/tex/latex/grap
hics-cfg/color.cfg"
File: color.cfg 2016/01/02 v1.6 sample color configuration
)
Package xcolor Info: Driver file: luatex.def on input line 227.

("/Users/frank/Library/Application Support/MiKTeX/texmfs/install/tex/latex/grap
hics-def/luatex.def"
File: luatex.def 2022/09/22 v1.2d Graphics/color driver for luatex
)
("/Users/frank/Library/Application Support/MiKTeX/texmfs/install/tex/latex/colo
rtbl/colortbl.sty"
Package: colortbl 2022/06/20 v1.0f Color table columns (DPC)

("/Users/frank/Library/Application Support/MiKTeX/texmfs/install/tex/latex/tool
s/array.sty"
Package: array 2022/09/04 v2.5g Tabular extension package (FMi)
\col@sep=\dimen150
\ar@mcellbox=\box52
\extrarowheight=\dimen151
\NC@list=\toks24
\extratabsurround=\skip51
\backup@length=\skip52
\ar@cellbox=\box53
)
\everycr=\toks25
\minrowclearance=\skip53
\rownum=\count266
)
("/Users/frank/Library/Application Support/MiKTeX/texmfs/install/tex/latex/grap
hics/mathcolor.ltx")
Package xcolor Info: Model `cmy' substituted by `cmy0' on input line 1353.
Package xcolor Info: Model `hsb' substituted by `rgb' on input line 1357.
Package xcolor Info: Model `RGB' extended on input line 1369.
Package xcolor Info: Model `HTML' substituted by `rgb' on input line 1371.
Package xcolor Info: Model `Hsb' substituted by `hsb' on input line 1372.
Package xcolor Info: Model `tHsb' substituted by `hsb' on input line 1373.
Package xcolor Info: Model `HSB' substituted by `hsb' on input line 1374.
Package xcolor Info: Model `Gray' substituted by `gray' on input line 1375.
Package xcolor Info: Model `wave' substituted by `hsb' on input line 1376.
)
("/Users/frank/Library/Application Support/MiKTeX/texmfs/install/tex/latex/grap
hics/graphicx.sty"
Package: graphicx 2021/09/16 v1.2d Enhanced LaTeX Graphics (DPC,SPQR)

("/Users/frank/Library/Application Support/MiKTeX/texmfs/install/tex/latex/grap
hics/graphics.sty"
Package: graphics 2022/03/10 v1.4e Standard LaTeX Graphics (DPC,SPQR)

("/Users/frank/Library/Application Support/MiKTeX/texmfs/install/tex/latex/grap
hics/trig.sty"
Package: trig 2021/08/11 v1.11 sin cos tan (DPC)
)
("/Users/frank/Library/Application Support/MiKTeX/texmfs/install/tex/latex/grap
hics-cfg/graphics.cfg"
File: graphics.cfg 2016/06/04 v1.11 sample graphics configuration
)
Package graphics Info: Driver file: luatex.def on input line 107.
)
\Gin@req@height=\dimen152
\Gin@req@width=\dimen153
)
("/Users/frank/Library/Application Support/MiKTeX/texmfs/install/tex/latex/amsm
ath/amsmath.sty"
Package: amsmath 2023/05/13 v2.17o AMS math features
\@mathmargin=\skip54

For additional information on amsmath, use the `?' option.

("/Users/frank/Library/Application Support/MiKTeX/texmfs/install/tex/latex/amsm
ath/amstext.sty"
Package: amstext 2021/08/26 v2.01 AMS text

("/Users/frank/Library/Application Support/MiKTeX/texmfs/install/tex/latex/amsm
ath/amsgen.sty"
File: amsgen.sty 1999/11/30 v2.0 generic functions
\@emptytoks=\toks26
\ex@=\dimen154
))
("/Users/frank/Library/Application Support/MiKTeX/texmfs/install/tex/latex/amsm
ath/amsbsy.sty"
Package: amsbsy 1999/11/29 v1.2d Bold Symbols
\pmbraise@=\dimen155
)
("/Users/frank/Library/Application Support/MiKTeX/texmfs/install/tex/latex/amsm
ath/amsopn.sty"
Package: amsopn 2022/04/08 v2.04 operator names
)
\inf@bad=\count267
LaTeX Info: Redefining \frac on input line 236.
\uproot@=\count268
\leftroot@=\count269
LaTeX Info: Redefining \overline on input line 399.
LaTeX Info: Redefining \colon on input line 410.
\classnum@=\count270
\DOTSCASE@=\count271
LaTeX Info: Redefining \ldots on input line 496.
LaTeX Info: Redefining \dots on input line 499.
LaTeX Info: Redefining \cdots on input line 620.
\Mathstrutbox@=\box54
\strutbox@=\box55
LaTeX Info: Redefining \big on input line 722.
LaTeX Info: Redefining \Big on input line 723.
LaTeX Info: Redefining \bigg on input line 724.
LaTeX Info: Redefining \Bigg on input line 725.
\big@size=\dimen156
LaTeX Font Info:    Redeclaring font encoding OML on input line 743.
LaTeX Font Info:    Redeclaring font encoding OMS on input line 744.
\macc@depth=\count272
LaTeX Info: Redefining \bmod on input line 905.
LaTeX Info: Redefining \pmod on input line 910.
LaTeX Info: Redefining \smash on input line 940.
LaTeX Info: Redefining \relbar on input line 970.
LaTeX Info: Redefining \Relbar on input line 971.
\c@MaxMatrixCols=\count273
\dotsspace@=\muskip16
\c@parentequation=\count274
\dspbrk@lvl=\count275
\tag@help=\toks27
\row@=\count276
\column@=\count277
\maxfields@=\count278
\andhelp@=\toks28
\eqnshift@=\dimen157
\alignsep@=\dimen158
\tagshift@=\dimen159
\tagwidth@=\dimen160
\totwidth@=\dimen161
\lineht@=\dimen162
\@envbody=\toks29
\multlinegap=\skip55
\multlinetaggap=\skip56
\mathdisplay@stack=\toks30
LaTeX Info: Redefining \[ on input line 2953.
LaTeX Info: Redefining \] on input line 2954.
)
("/Users/frank/Library/Application Support/MiKTeX/texmfs/install/tex/latex/amsf
onts/amssymb.sty"
Package: amssymb 2013/01/14 v3.01 AMS font symbols

("/Users/frank/Library/Application Support/MiKTeX/texmfs/install/tex/latex/amsf
onts/amsfonts.sty"
Package: amsfonts 2013/01/14 v3.01 Basic AMSFonts support
\symAMSa=\mathgroup6
\symAMSb=\mathgroup7
LaTeX Font Info:    Overwriting math alphabet `\mathfrak' in version `bold'
(Font)                  U/euf/m/n --> U/euf/b/n on input line 106.
LaTeX Font Info:    Redeclaring math symbol \square on input line 141.
)
LaTeX Font Info:    Redeclaring math symbol \blacksquare on input line 48.
LaTeX Font Info:    Redeclaring math symbol \vDash on input line 60.
LaTeX Font Info:    Redeclaring math symbol \leftleftarrows on input line 63.
LaTeX Font Info:    Redeclaring math symbol \rightrightarrows on input line 64.

LaTeX Font Info:    Redeclaring math symbol \leqslant on input line 101.
LaTeX Font Info:    Redeclaring math symbol \geqslant on input line 108.
LaTeX Font Info:    Redeclaring math symbol \blacktriangleright on input line 1
20.
LaTeX Font Info:    Redeclaring math symbol \blacktriangleleft on input line 12
1.
LaTeX Font Info:    Redeclaring math symbol \complement on input line 165.
LaTeX Font Info:    Redeclaring math symbol \intercal on input line 166.
LaTeX Font Info:    Redeclaring math symbol \nleqslant on input line 181.
LaTeX Font Info:    Redeclaring math symbol \ngeqslant on input line 182.
LaTeX Font Info:    Redeclaring math symbol \varsubsetneq on input line 203.
LaTeX Font Info:    Redeclaring math symbol \subsetneqq on input line 207.
LaTeX Font Info:    Redeclaring math symbol \nparallel on input line 215.
LaTeX Font Info:    Redeclaring math symbol \nvDash on input line 221.
LaTeX Font Info:    Redeclaring math symbol \nexists on input line 235.
LaTeX Font Info:    Redeclaring math symbol \smallsetminus on input line 251.
LaTeX Font Info:    Redeclaring math symbol \curvearrowleft on input line 257.
LaTeX Font Info:    Redeclaring math symbol \curvearrowright on input line 258.

LaTeX Font Info:    Redeclaring math symbol \varkappa on input line 260.
LaTeX Font Info:    Redeclaring math symbol \hslash on input line 262.
)
("/Users/frank/Library/Application Support/MiKTeX/texmfs/install/tex/latex/jkna
ppen/mathrsfs.sty"
Package: mathrsfs 1996/01/01 Math RSFS package v1.0 (jk)
\symrsfs=\mathgroup8
)
("/Users/frank/Library/Application Support/MiKTeX/texmfs/install/tex/latex/psnf
ss/pifont.sty"
Package: pifont 2020/03/25 PSNFSS-v9.3 Pi font support (SPQR) 
LaTeX Font Info:    Trying to load font information for U+pzd on input line 63.


("/Users/frank/Library/Application Support/MiKTeX/texmfs/install/tex/latex/psnf
ss/upzd.fd"
File: upzd.fd 2001/06/04 font definitions for U/pzd.
)
LaTeX Font Info:    Trying to load font information for U+psy on input line 64.


("/Users/frank/Library/Application Support/MiKTeX/texmfs/install/tex/latex/psnf
ss/upsy.fd"
File: upsy.fd 2001/06/04 font definitions for U/psy.
))
("/Users/frank/Library/Application Support/MiKTeX/texmfs/install/tex/latex/capt
ion/caption.sty"
Package: caption 2023/07/31 v3.6n Customizing captions (AR)

("/Users/frank/Library/Application Support/MiKTeX/texmfs/install/tex/latex/capt
ion/caption3.sty"
Package: caption3 2023/07/31 v2.4d caption3 kernel (AR)
\caption@tempdima=\dimen163
\captionmargin=\dimen164
\caption@leftmargin=\dimen165
\caption@rightmargin=\dimen166
\caption@width=\dimen167
\caption@indent=\dimen168
\caption@parindent=\dimen169
\caption@hangindent=\dimen170
Package caption Info: Standard document class detected.
)
\c@caption@flags=\count279
\c@continuedfloat=\count280
)
("/Users/frank/Library/Application Support/MiKTeX/texmfs/install/tex/latex/capt
ion/subcaption.sty"
Package: subcaption 2023/07/28 v1.6b Sub-captions (AR)
Package caption Info: New subtype `subfigure' on input line 238.
\c@subfigure=\count281
Package caption Info: New subtype `subtable' on input line 238.
\c@subtable=\count282
)
("/Users/frank/Library/Application Support/MiKTeX/texmfs/install/tex/latex/siun
itx/siunitx.sty"
Package: siunitx 2023-09-01 v3.3.6 A comprehensive (SI) units package
\l__siunitx_number_uncert_offset_int=\count283
\l__siunitx_number_exponent_fixed_int=\count284
\l__siunitx_number_min_decimal_int=\count285
\l__siunitx_number_min_integer_int=\count286
\l__siunitx_number_round_precision_int=\count287
\l__siunitx_number_lower_threshold_int=\count288
\l__siunitx_number_upper_threshold_int=\count289
\l__siunitx_number_group_first_int=\count290
\l__siunitx_number_group_size_int=\count291
\l__siunitx_number_group_minimum_int=\count292
\l__siunitx_angle_tmp_dim=\dimen171
\l__siunitx_angle_marker_box=\box56
\l__siunitx_angle_unit_box=\box57
\l__siunitx_compound_count_int=\count293

("/Users/frank/Library/Application Support/MiKTeX/texmfs/install/tex/latex/tran
slations/translations.sty"
Package: translations 2022/02/05 v1.12 internationalization of LaTeX2e packages
 (CN)

("/Users/frank/Library/Application Support/MiKTeX/texmfs/install/tex/generic/pd
ftexcmds/pdftexcmds.sty"
Package: pdftexcmds 2020-06-27 v0.33 Utility functions of pdfTeX for LuaTeX (HO
)

("/Users/frank/Library/Application Support/MiKTeX/texmfs/install/tex/generic/in
fwarerr/infwarerr.sty"
Package: infwarerr 2019/12/03 v1.5 Providing info/warning/error messages (HO)
)
("/Users/frank/Library/Application Support/MiKTeX/texmfs/install/tex/generic/lt
xcmds/ltxcmds.sty"
Package: ltxcmds 2020-05-10 v1.25 LaTeX kernel commands for general use (HO)
)
Package pdftexcmds Info: \pdf@primitive is available.
Package pdftexcmds Info: \pdf@ifprimitive is available.
Package pdftexcmds Info: \pdfdraftmode found.
\pdftexcmds@toks=\toks31
))
\l__siunitx_table_tmp_box=\box58
\l__siunitx_table_tmp_dim=\dimen172
\l__siunitx_table_column_width_dim=\dimen173
\l__siunitx_table_integer_box=\box59
\l__siunitx_table_decimal_box=\box60
\l__siunitx_table_uncert_box=\box61
\l__siunitx_table_before_box=\box62
\l__siunitx_table_after_box=\box63
\l__siunitx_table_before_dim=\dimen174
\l__siunitx_table_carry_dim=\dimen175
\l__siunitx_unit_tmp_int=\count294
\l__siunitx_unit_position_int=\count295
\l__siunitx_unit_total_int=\count296
)
("/Users/frank/Library/Application Support/MiKTeX/texmfs/install/tex/latex/fanc
yvrb/fancyvrb.sty"
Package: fancyvrb 2023/01/19 4.5a verbatim text (tvz,hv)
\FV@CodeLineNo=\count297
\FV@InFile=\read3
\FV@TabBox=\box64
\c@FancyVerbLine=\count298
\FV@StepNumber=\count299
\FV@OutFile=\write3
)
("/Users/frank/Library/Application Support/MiKTeX/texmfs/install/tex/latex/fanc
yhdr/fancyhdr.sty"
Package: fancyhdr 2022/11/09 v4.1 Extensive control of page headers and footers

\f@nch@headwidth=\skip57
\f@nch@O@elh=\skip58
\f@nch@O@erh=\skip59
\f@nch@O@olh=\skip60
\f@nch@O@orh=\skip61
\f@nch@O@elf=\skip62
\f@nch@O@erf=\skip63
\f@nch@O@olf=\skip64
\f@nch@O@orf=\skip65
)
("/Users/frank/Library/Application Support/MiKTeX/texmfs/install/tex/latex/hype
rref/hyperref.sty"
Package: hyperref 2023-07-08 v7.01b Hypertext links for LaTeX

("/Users/frank/Library/Application Support/MiKTeX/texmfs/install/tex/latex/kvse
tkeys/kvsetkeys.sty"
Package: kvsetkeys 2022-10-05 v1.19 Key value parser (HO)
)
("/Users/frank/Library/Application Support/MiKTeX/texmfs/install/tex/generic/kv
definekeys/kvdefinekeys.sty"
Package: kvdefinekeys 2019-12-19 v1.6 Define keys (HO)
)
("/Users/frank/Library/Application Support/MiKTeX/texmfs/install/tex/generic/pd
fescape/pdfescape.sty"
Package: pdfescape 2019/12/09 v1.15 Implements pdfTeX's escape features (HO)
)
("/Users/frank/Library/Application Support/MiKTeX/texmfs/install/tex/latex/hyco
lor/hycolor.sty"
Package: hycolor 2020-01-27 v1.10 Color options for hyperref/bookmark (HO)
)
("/Users/frank/Library/Application Support/MiKTeX/texmfs/install/tex/latex/letl
txmacro/letltxmacro.sty"
Package: letltxmacro 2019/12/03 v1.6 Let assignment for LaTeX macros (HO)
)
("/Users/frank/Library/Application Support/MiKTeX/texmfs/install/tex/latex/auxh
ook/auxhook.sty"
Package: auxhook 2019-12-17 v1.6 Hooks for auxiliary files (HO)
)
("/Users/frank/Library/Application Support/MiKTeX/texmfs/install/tex/latex/hype
rref/nameref.sty"
Package: nameref 2023-08-07 v2.53 Cross-referencing by name of section

("/Users/frank/Library/Application Support/MiKTeX/texmfs/install/tex/latex/refc
ount/refcount.sty"
Package: refcount 2019/12/15 v3.6 Data extraction from label references (HO)
)
("/Users/frank/Library/Application Support/MiKTeX/texmfs/install/tex/generic/ge
ttitlestring/gettitlestring.sty"
Package: gettitlestring 2019/12/15 v1.6 Cleanup title references (HO)

("/Users/frank/Library/Application Support/MiKTeX/texmfs/install/tex/latex/kvop
tions/kvoptions.sty"
Package: kvoptions 2022-06-15 v3.15 Key value format for package options (HO)
))
\c@section@level=\count300
)
\@linkdim=\dimen176
\Hy@linkcounter=\count301
\Hy@pagecounter=\count302

("/Users/frank/Library/Application Support/MiKTeX/texmfs/install/tex/latex/hype
rref/pd1enc.def"
File: pd1enc.def 2023-07-08 v7.01b Hyperref: PDFDocEncoding definition (HO)
)
("/Users/frank/Library/Application Support/MiKTeX/texmfs/install/tex/generic/in
tcalc/intcalc.sty"
Package: intcalc 2019/12/15 v1.3 Expandable calculations with integers (HO)
)
\Hy@SavedSpaceFactor=\count303

("/Users/frank/Library/Application Support/MiKTeX/texmfs/install/tex/latex/hype
rref/puenc.def"
File: puenc.def 2023-07-08 v7.01b Hyperref: PDF Unicode definition (HO)
)
Package hyperref Info: Option `colorlinks' set `true' on input line 4050.
Package hyperref Info: Hyper figures OFF on input line 4167.
Package hyperref Info: Link nesting OFF on input line 4172.
Package hyperref Info: Hyper index ON on input line 4175.
Package hyperref Info: Plain pages OFF on input line 4182.
Package hyperref Info: Backreferencing OFF on input line 4187.
Package hyperref Info: Implicit mode ON; LaTeX internals redefined.
Package hyperref Info: Bookmarks ON on input line 4434.
\c@Hy@tempcnt=\count304

("/Users/frank/Library/Application Support/MiKTeX/texmfs/install/tex/latex/url/
url.sty"
\Urlmuskip=\muskip17
Package: url 2013/09/16  ver 3.4  Verb mode for urls, etc.
)
LaTeX Info: Redefining \url on input line 4772.
\XeTeXLinkMargin=\dimen177

("/Users/frank/Library/Application Support/MiKTeX/texmfs/install/tex/generic/bi
tset/bitset.sty"
Package: bitset 2019/12/09 v1.3 Handle bit-vector datatype (HO)

("/Users/frank/Library/Application Support/MiKTeX/texmfs/install/tex/generic/bi
gintcalc/bigintcalc.sty"
Package: bigintcalc 2019/12/15 v1.5 Expandable calculations on big integers (HO
)
))
\Fld@menulength=\count305
\Field@Width=\dimen178
\Fld@charsize=\dimen179
Package hyperref Info: Hyper figures OFF on input line 6051.
Package hyperref Info: Link nesting OFF on input line 6056.
Package hyperref Info: Hyper index ON on input line 6059.
Package hyperref Info: backreferencing OFF on input line 6066.
Package hyperref Info: Link coloring ON on input line 6069.
Package hyperref Info: Link coloring with OCG OFF on input line 6076.
Package hyperref Info: PDF/A mode OFF on input line 6081.

("/Users/frank/Library/Application Support/MiKTeX/texmfs/install/tex/latex/base
/atbegshi-ltx.sty"
Package: atbegshi-ltx 2021/01/10 v1.0c Emulation of the original atbegshi
package with kernel methods
)
\Hy@abspage=\count306
\c@Item=\count307
\c@Hfootnote=\count308
)
Package hyperref Info: Driver (autodetected): hluatex.

("/Users/frank/Library/Application Support/MiKTeX/texmfs/install/tex/latex/hype
rref/hluatex.def"
File: hluatex.def 2023-07-08 v7.01b Hyperref driver for luaTeX

("/Users/frank/Library/Application Support/MiKTeX/texmfs/install/tex/generic/st
ringenc/stringenc.sty"
Package: stringenc 2019/11/29 v1.12 Convert strings between diff. encodings (HO
)
)
("/Users/frank/Library/Application Support/MiKTeX/texmfs/install/tex/latex/base
/atveryend-ltx.sty"
Package: atveryend-ltx 2020/08/19 v1.0a Emulation of the original atveryend pac
kage
with kernel methods
)
\Fld@listcount=\count309
\c@bookmark@seq@number=\count310

("/Users/frank/Library/Application Support/MiKTeX/texmfs/install/tex/latex/reru
nfilecheck/rerunfilecheck.sty"
Package: rerunfilecheck 2022-07-10 v1.10 Rerun checks for auxiliary files (HO)

("/Users/frank/Library/Application Support/MiKTeX/texmfs/install/tex/generic/un
iquecounter/uniquecounter.sty"
Package: uniquecounter 2019/12/15 v1.4 Provide unlimited unique counter (HO)
)
Package uniquecounter Info: New unique counter `rerunfilecheck' on input line 2
85.
)
\Hy@SectionHShift=\skip66
)
("/Users/frank/Library/Application Support/MiKTeX/texmfs/install/tex/latex/mult
irow/multirow.sty"
Package: multirow 2021/03/15 v2.8 Span multiple rows of a table
\multirow@colwidth=\skip67
\multirow@cntb=\count311
\multirow@dima=\skip68
\bigstrutjot=\dimen180
)
("/Users/frank/Library/Application Support/MiKTeX/texmfs/install/tex/latex/titl
ing/titling.sty"
Package: titling 2009/09/04 v2.1d maketitle typesetting
\thanksmarkwidth=\skip69
\thanksmargin=\skip70
\droptitle=\skip71
)
("/Users/frank/Library/Application Support/MiKTeX/texmfs/install/tex/latex/book
tabs/booktabs.sty"
Package: booktabs 2020/01/12 v1.61803398 Publication quality tables
\heavyrulewidth=\dimen181
\lightrulewidth=\dimen182
\cmidrulewidth=\dimen183
\belowrulesep=\dimen184
\belowbottomsep=\dimen185
\aboverulesep=\dimen186
\abovetopsep=\dimen187
\cmidrulesep=\dimen188
\cmidrulekern=\dimen189
\defaultaddspace=\dimen190
\@cmidla=\count312
\@cmidlb=\count313
\@aboverulesep=\dimen191
\@belowrulesep=\dimen192
\@thisruleclass=\count314
\@lastruleclass=\count315
\@thisrulewidth=\dimen193
)
("/Users/frank/Library/Application Support/MiKTeX/texmfs/install/tex/latex/epig
raph/epigraph.sty"
Package: epigraph 2020/01/02 v1.5e typesetting epigraphs

("/Users/frank/Library/Application Support/MiKTeX/texmfs/install/tex/latex/next
page/nextpage.sty"
Package: nextpage 2009/09/03 v1.1a additional page commands
)
\beforeepigraphskip=\skip72
\afterepigraphskip=\skip73
\epigraphwidth=\skip74
\epigraphrule=\skip75
)
("/Users/frank/Library/Application Support/MiKTeX/texmfs/install/tex/latex/empt
ypage/emptypage.sty"
Package: emptypage 2010/05/30 v1.2 Suppress page numbers and headings on empty 
pages
)
("/Users/frank/Library/Application Support/MiKTeX/texmfs/install/tex/latex/sets
pace/setspace.sty"
Package: setspace 2022/12/04 v6.7b set line spacing
)
("/Users/frank/Library/Application Support/MiKTeX/texmfs/install/tex/latex/base
/fontenc.sty"
Package: fontenc 2021/04/29 v2.0v Standard LaTeX package
)
("/Users/frank/Library/Application Support/MiKTeX/texmfs/install/tex/latex/font
spec/fontspec.sty"
("/Users/frank/Library/Application Support/MiKTeX/texmfs/install/tex/latex/l3pa
ckages/xparse/xparse.sty"
("/Users/frank/Library/Application Support/MiKTeX/texmfs/install/tex/latex/l3ke
rnel/expl3.sty"
Package: expl3 2023-08-29 L3 programming layer (loader) 

("/Users/frank/Library/Application Support/MiKTeX/texmfs/install/tex/latex/l3ba
ckend/l3backend-luatex.def"
File: l3backend-luatex.def 2023-04-19 L3 backend support: PDF output (LuaTeX)
\l__color_backend_stack_int=\count316
Inserting `l3color' in `luaotfload.parse_color'.
\l__pdf_internal_box=\box65
))
Package: xparse 2023-08-29 L3 Experimental document command parser
)
Package: fontspec 2022/01/15 v2.8a Font selection for XeLaTeX and LuaLaTeX
Lua module: fontspec 2022/01/15 2.8a Font selection for XeLaTeX and LuaLaTeX
("/Users/frank/Library/Application Support/MiKTeX/texmfs/install/tex/latex/font
spec/fontspec-luatex.sty"
Package: fontspec-luatex 2022/01/15 v2.8a Font selection for XeLaTeX and LuaLaT
eX
\l__fontspec_script_int=\count317
\l__fontspec_language_int=\count318
\l__fontspec_strnum_int=\count319
\l__fontspec_tmp_int=\count320
\l__fontspec_tmpa_int=\count321
\l__fontspec_tmpb_int=\count322
\l__fontspec_tmpc_int=\count323
\l__fontspec_em_int=\count324
\l__fontspec_emdef_int=\count325
\l__fontspec_strong_int=\count326
\l__fontspec_strongdef_int=\count327
\l__fontspec_tmpa_dim=\dimen194
\l__fontspec_tmpb_dim=\dimen195
\l__fontspec_tmpc_dim=\dimen196

("/Users/frank/Library/Application Support/MiKTeX/texmfs/install/tex/latex/base
/fontenc.sty"
Package: fontenc 2021/04/29 v2.0v Standard LaTeX package
)
("/Users/frank/Library/Application Support/MiKTeX/texmfs/install/tex/latex/font
spec/fontspec.cfg")))
("/Users/frank/Library/Application Support/MiKTeX/texmfs/install/tex/latex/mont
serrat/montserrat.fontspec")

Package fontspec Info: Font family 'montserrat(0)' created for font
(fontspec)             'montserrat' with options [Ligatures=TeX,Extension =
(fontspec)             .otf,UprightFont = Montserrat-Regular,ItalicFont =
(fontspec)             Montserrat-Italic,BoldFont =
(fontspec)             Montserrat-Bold,BoldItalicFont =
(fontspec)             Montserrat-BoldItalic].
(fontspec)              
(fontspec)              This font family consists of the following NFSS
(fontspec)             series/shapes:
(fontspec)              
(fontspec)             - 'normal' (m/n) with NFSS spec.:
(fontspec)             <->"[Montserrat-Regular.otf]:mode=node;script=latn;langu
age=dflt;+tlig;"
(fontspec)             - 'small caps'  (m/sc) with NFSS spec.:
(fontspec)             <->"[Montserrat-Regular.otf]:mode=node;script=latn;langu
age=dflt;+tlig;+smcp;"
(fontspec)             - 'bold' (b/n) with NFSS spec.:
(fontspec)             <->"[Montserrat-Bold.otf]:mode=node;script=latn;language
=dflt;+tlig;"
(fontspec)             - 'bold small caps'  (b/sc) with NFSS spec.:
(fontspec)             <->"[Montserrat-Bold.otf]:mode=node;script=latn;language
=dflt;+tlig;+smcp;"
(fontspec)             - 'italic' (m/it) with NFSS spec.:
(fontspec)             <->"[Montserrat-Italic.otf]:mode=node;script=latn;langua
ge=dflt;+tlig;"
(fontspec)             - 'italic small caps'  (m/scit) with NFSS spec.:
(fontspec)             <->"[Montserrat-Italic.otf]:mode=node;script=latn;langua
ge=dflt;+tlig;+smcp;"
(fontspec)             - 'bold italic' (b/it) with NFSS spec.:
(fontspec)             <->"[Montserrat-BoldItalic.otf]:mode=node;script=latn;la
nguage=dflt;+tlig;"
(fontspec)             - 'bold italic small caps'  (b/scit) with NFSS spec.:
(fontspec)             <->"[Montserrat-BoldItalic.otf]:mode=node;script=latn;la
nguage=dflt;+tlig;+smcp;"


("/Users/frank/Library/Application Support/MiKTeX/texmfs/install/tex/latex/algo
rithm2e/algorithm2e.sty"
Package: algorithm2e 2017/07/18 v5.2 algorithms environments
\c@AlgoLine=\count328

("/Users/frank/Library/Application Support/MiKTeX/texmfs/install/tex/latex/base
/ifthen.sty"
Package: ifthen 2022/04/13 v1.1d Standard LaTeX ifthen package (DPC)
)
\algocf@hangindent=\skip76

("/Users/frank/Library/Application Support/MiKTeX/texmfs/install/tex/latex/ifod
dpage/ifoddpage.sty"
Package: ifoddpage 2022/10/18 v1.2 Conditionals for odd/even page detection
\c@checkoddpage=\count329
)
("/Users/frank/Library/Application Support/MiKTeX/texmfs/install/tex/latex/tool
s/xspace.sty"
Package: xspace 2014/10/28 v1.13 Space after command names (DPC,MH)
)
("/Users/frank/Library/Application Support/MiKTeX/texmfs/install/tex/latex/rels
ize/relsize.sty"
Package: relsize 2013/03/29 ver 4.1
)
\skiptotal=\skip77
\skiplinenumber=\skip78
\skiprule=\skip79
\skiphlne=\skip80
\skiptext=\skip81
\skiplength=\skip82
\algomargin=\skip83
\skipalgocfslide=\skip84
\algowidth=\dimen197
\inoutsize=\dimen198
\inoutindent=\dimen199
\interspacetitleruled=\dimen256
\interspacealgoruled=\dimen257
\interspacetitleboxruled=\dimen258
\algocf@ruledwidth=\skip85
\algocf@inoutbox=\box66
\algocf@inputbox=\box67
\AlCapSkip=\skip86
\AlCapHSkip=\skip87
\algoskipindent=\skip88
\algocf@nlbox=\box68
\algocf@hangingbox=\box69
\algocf@untilbox=\box70
\algocf@skipuntil=\skip89
\algocf@capbox=\box71
\algocf@lcaptionbox=\skip90
\algoheightruledefault=\skip91
\algoheightrule=\skip92
\algotitleheightruledefault=\skip93
\algotitleheightrule=\skip94
\c@algocfline=\count330
\c@algocfproc=\count331
\c@algocf=\count332
\algocf@algoframe=\box72
\algocf@algobox=\box73
)
("/Users/frank/Library/Application Support/MiKTeX/texmfs/install/tex/latex/amsc
ls/amsthm.sty"
Package: amsthm 2020/05/29 v2.20.6
\thm@style=\toks32
\thm@bodyfont=\toks33
\thm@headfont=\toks34
\thm@notefont=\toks35
\thm@headpunct=\toks36
\thm@preskip=\skip95
\thm@postskip=\skip96
\thm@headsep=\skip97
\dth@everypar=\toks37
)
("/Users/frank/Library/Application Support/MiKTeX/texmfs/install/tex/latex/list
ings/listings.sty"
\lst@mode=\count333
\lst@gtempboxa=\box74
\lst@token=\toks38
\lst@length=\count334
\lst@currlwidth=\dimen259
\lst@column=\count335
\lst@pos=\count336
\lst@lostspace=\dimen260
\lst@width=\dimen261
\lst@newlines=\count337
\lst@lineno=\count338
\lst@maxwidth=\dimen262

("/Users/frank/Library/Application Support/MiKTeX/texmfs/install/tex/latex/list
ings/lstmisc.sty"
File: lstmisc.sty 2023/02/27 1.9 (Carsten Heinz)
\c@lstnumber=\count339
\lst@skipnumbers=\count340
\lst@framebox=\box75
)
("/Users/frank/Library/Application Support/MiKTeX/texmfs/install/tex/latex/list
ings/listings.cfg"
File: listings.cfg 2023/02/27 1.9 listings configuration
))
Package: listings 2023/02/27 1.9 (Carsten Heinz)
)
("/Users/frank/Library/Application Support/MiKTeX/texmfs/install/tex/latex/lips
um/lipsum.sty"
("/Users/frank/Library/Application Support/MiKTeX/texmfs/install/tex/latex/l3pa
ckages/l3keys2e/l3keys2e.sty"
Package: l3keys2e 2023-08-29 LaTeX2e option processing using LaTeX3 keys
)
Package: lipsum 2021-09-20 v2.7 150 paragraphs of Lorem Ipsum dummy text
\g__lipsum_par_int=\count341
\l__lipsum_a_int=\count342
\l__lipsum_b_int=\count343

("/Users/frank/Library/Application Support/MiKTeX/texmfs/install/tex/latex/lips
um/lipsum.ltd.tex"))
("/Users/frank/Library/Application Support/MiKTeX/texmfs/install/tex/latex/pgfg
antt/pgfgantt.sty"
Package: pgfgantt 2018/01/10 v5.0 Draw Gantt diagrams with TikZ

("/Users/frank/Library/Application Support/MiKTeX/texmfs/install/tex/latex/pgf/
frontendlayer/tikz.sty"
("/Users/frank/Library/Application Support/MiKTeX/texmfs/install/tex/latex/pgf/
basiclayer/pgf.sty"
("/Users/frank/Library/Application Support/MiKTeX/texmfs/install/tex/latex/pgf/
utilities/pgfrcs.sty"
("/Users/frank/Library/Application Support/MiKTeX/texmfs/install/tex/generic/pg
f/utilities/pgfutil-common.tex"
\pgfutil@everybye=\toks39
\pgfutil@tempdima=\dimen263
\pgfutil@tempdimb=\dimen264
)
("/Users/frank/Library/Application Support/MiKTeX/texmfs/install/tex/generic/pg
f/utilities/pgfutil-latex.def"
\pgfutil@abb=\box76
)
("/Users/frank/Library/Application Support/MiKTeX/texmfs/install/tex/generic/pg
f/utilities/pgfrcs.code.tex"
("/Users/frank/Library/Application Support/MiKTeX/texmfs/install/tex/generic/pg
f/pgf.revision.tex")
Package: pgfrcs 2023-01-15 v3.1.10 (3.1.10)
))
Package: pgf 2023-01-15 v3.1.10 (3.1.10)

("/Users/frank/Library/Application Support/MiKTeX/texmfs/install/tex/latex/pgf/
basiclayer/pgfcore.sty"
("/Users/frank/Library/Application Support/MiKTeX/texmfs/install/tex/latex/pgf/
systemlayer/pgfsys.sty"
("/Users/frank/Library/Application Support/MiKTeX/texmfs/install/tex/generic/pg
f/systemlayer/pgfsys.code.tex"
Package: pgfsys 2023-01-15 v3.1.10 (3.1.10)

("/Users/frank/Library/Application Support/MiKTeX/texmfs/install/tex/generic/pg
f/utilities/pgfkeys.code.tex"
\pgfkeys@pathtoks=\toks40
\pgfkeys@temptoks=\toks41

("/Users/frank/Library/Application Support/MiKTeX/texmfs/install/tex/generic/pg
f/utilities/pgfkeyslibraryfiltered.code.tex"
\pgfkeys@tmptoks=\toks42
))
\pgf@x=\dimen265
\pgf@y=\dimen266
\pgf@xa=\dimen267
\pgf@ya=\dimen268
\pgf@xb=\dimen269
\pgf@yb=\dimen270
\pgf@xc=\dimen271
\pgf@yc=\dimen272
\pgf@xd=\dimen273
\pgf@yd=\dimen274
\w@pgf@writea=\write4
\r@pgf@reada=\read4
\c@pgf@counta=\count344
\c@pgf@countb=\count345
\c@pgf@countc=\count346
\c@pgf@countd=\count347
\t@pgf@toka=\toks43
\t@pgf@tokb=\toks44
\t@pgf@tokc=\toks45
\pgf@sys@id@count=\count348

("/Users/frank/Library/Application Support/MiKTeX/texmfs/install/tex/generic/pg
f/systemlayer/pgf.cfg"
File: pgf.cfg 2023-01-15 v3.1.10 (3.1.10)
)
Driver file for pgf: pgfsys-luatex.def

("/Users/frank/Library/Application Support/MiKTeX/texmfs/install/tex/generic/pg
f/systemlayer/pgfsys-luatex.def"
File: pgfsys-luatex.def 2023-01-15 v3.1.10 (3.1.10)

("/Users/frank/Library/Application Support/MiKTeX/texmfs/install/tex/generic/pg
f/systemlayer/pgfsys-common-pdf.def"
File: pgfsys-common-pdf.def 2023-01-15 v3.1.10 (3.1.10)
)))
("/Users/frank/Library/Application Support/MiKTeX/texmfs/install/tex/generic/pg
f/systemlayer/pgfsyssoftpath.code.tex"
File: pgfsyssoftpath.code.tex 2023-01-15 v3.1.10 (3.1.10)
\pgfsyssoftpath@smallbuffer@items=\count349
\pgfsyssoftpath@bigbuffer@items=\count350
)
("/Users/frank/Library/Application Support/MiKTeX/texmfs/install/tex/generic/pg
f/systemlayer/pgfsysprotocol.code.tex"
File: pgfsysprotocol.code.tex 2023-01-15 v3.1.10 (3.1.10)
))
("/Users/frank/Library/Application Support/MiKTeX/texmfs/install/tex/generic/pg
f/basiclayer/pgfcore.code.tex"
Package: pgfcore 2023-01-15 v3.1.10 (3.1.10)

("/Users/frank/Library/Application Support/MiKTeX/texmfs/install/tex/generic/pg
f/math/pgfmath.code.tex"
("/Users/frank/Library/Application Support/MiKTeX/texmfs/install/tex/generic/pg
f/math/pgfmathutil.code.tex")
("/Users/frank/Library/Application Support/MiKTeX/texmfs/install/tex/generic/pg
f/math/pgfmathparser.code.tex"
\pgfmath@dimen=\dimen275
\pgfmath@count=\count351
\pgfmath@box=\box77
\pgfmath@toks=\toks46
\pgfmath@stack@operand=\toks47
\pgfmath@stack@operation=\toks48
)
("/Users/frank/Library/Application Support/MiKTeX/texmfs/install/tex/generic/pg
f/math/pgfmathfunctions.code.tex")
("/Users/frank/Library/Application Support/MiKTeX/texmfs/install/tex/generic/pg
f/math/pgfmathfunctions.basic.code.tex")
("/Users/frank/Library/Application Support/MiKTeX/texmfs/install/tex/generic/pg
f/math/pgfmathfunctions.trigonometric.code.tex")
("/Users/frank/Library/Application Support/MiKTeX/texmfs/install/tex/generic/pg
f/math/pgfmathfunctions.random.code.tex")
("/Users/frank/Library/Application Support/MiKTeX/texmfs/install/tex/generic/pg
f/math/pgfmathfunctions.comparison.code.tex")
("/Users/frank/Library/Application Support/MiKTeX/texmfs/install/tex/generic/pg
f/math/pgfmathfunctions.base.code.tex")
("/Users/frank/Library/Application Support/MiKTeX/texmfs/install/tex/generic/pg
f/math/pgfmathfunctions.round.code.tex")
("/Users/frank/Library/Application Support/MiKTeX/texmfs/install/tex/generic/pg
f/math/pgfmathfunctions.misc.code.tex")
("/Users/frank/Library/Application Support/MiKTeX/texmfs/install/tex/generic/pg
f/math/pgfmathfunctions.integerarithmetics.code.tex")
("/Users/frank/Library/Application Support/MiKTeX/texmfs/install/tex/generic/pg
f/math/pgfmathcalc.code.tex")
("/Users/frank/Library/Application Support/MiKTeX/texmfs/install/tex/generic/pg
f/math/pgfmathfloat.code.tex"
\c@pgfmathroundto@lastzeros=\count352
))
("/Users/frank/Library/Application Support/MiKTeX/texmfs/install/tex/generic/pg
f/math/pgfint.code.tex")
("/Users/frank/Library/Application Support/MiKTeX/texmfs/install/tex/generic/pg
f/basiclayer/pgfcorepoints.code.tex"
File: pgfcorepoints.code.tex 2023-01-15 v3.1.10 (3.1.10)
\pgf@picminx=\dimen276
\pgf@picmaxx=\dimen277
\pgf@picminy=\dimen278
\pgf@picmaxy=\dimen279
\pgf@pathminx=\dimen280
\pgf@pathmaxx=\dimen281
\pgf@pathminy=\dimen282
\pgf@pathmaxy=\dimen283
\pgf@xx=\dimen284
\pgf@xy=\dimen285
\pgf@yx=\dimen286
\pgf@yy=\dimen287
\pgf@zx=\dimen288
\pgf@zy=\dimen289
)
("/Users/frank/Library/Application Support/MiKTeX/texmfs/install/tex/generic/pg
f/basiclayer/pgfcorepathconstruct.code.tex"
File: pgfcorepathconstruct.code.tex 2023-01-15 v3.1.10 (3.1.10)
\pgf@path@lastx=\dimen290
\pgf@path@lasty=\dimen291
)
("/Users/frank/Library/Application Support/MiKTeX/texmfs/install/tex/generic/pg
f/basiclayer/pgfcorepathusage.code.tex"
File: pgfcorepathusage.code.tex 2023-01-15 v3.1.10 (3.1.10)
\pgf@shorten@end@additional=\dimen292
\pgf@shorten@start@additional=\dimen293
)
("/Users/frank/Library/Application Support/MiKTeX/texmfs/install/tex/generic/pg
f/basiclayer/pgfcorescopes.code.tex"
File: pgfcorescopes.code.tex 2023-01-15 v3.1.10 (3.1.10)
\pgfpic=\box78
\pgf@hbox=\box79
\pgf@layerbox@main=\box80
\pgf@picture@serial@count=\count353
)
("/Users/frank/Library/Application Support/MiKTeX/texmfs/install/tex/generic/pg
f/basiclayer/pgfcoregraphicstate.code.tex"
File: pgfcoregraphicstate.code.tex 2023-01-15 v3.1.10 (3.1.10)
\pgflinewidth=\dimen294
)
("/Users/frank/Library/Application Support/MiKTeX/texmfs/install/tex/generic/pg
f/basiclayer/pgfcoretransformations.code.tex"
File: pgfcoretransformations.code.tex 2023-01-15 v3.1.10 (3.1.10)
\pgf@pt@x=\dimen295
\pgf@pt@y=\dimen296
\pgf@pt@temp=\dimen297
)
("/Users/frank/Library/Application Support/MiKTeX/texmfs/install/tex/generic/pg
f/basiclayer/pgfcorequick.code.tex"
File: pgfcorequick.code.tex 2023-01-15 v3.1.10 (3.1.10)
)
("/Users/frank/Library/Application Support/MiKTeX/texmfs/install/tex/generic/pg
f/basiclayer/pgfcoreobjects.code.tex"
File: pgfcoreobjects.code.tex 2023-01-15 v3.1.10 (3.1.10)
)
("/Users/frank/Library/Application Support/MiKTeX/texmfs/install/tex/generic/pg
f/basiclayer/pgfcorepathprocessing.code.tex"
File: pgfcorepathprocessing.code.tex 2023-01-15 v3.1.10 (3.1.10)
)
("/Users/frank/Library/Application Support/MiKTeX/texmfs/install/tex/generic/pg
f/basiclayer/pgfcorearrows.code.tex"
File: pgfcorearrows.code.tex 2023-01-15 v3.1.10 (3.1.10)
\pgfarrowsep=\dimen298
)
("/Users/frank/Library/Application Support/MiKTeX/texmfs/install/tex/generic/pg
f/basiclayer/pgfcoreshade.code.tex"
File: pgfcoreshade.code.tex 2023-01-15 v3.1.10 (3.1.10)
\pgf@max=\dimen299
\pgf@sys@shading@range@num=\count354
\pgf@shadingcount=\count355
)
("/Users/frank/Library/Application Support/MiKTeX/texmfs/install/tex/generic/pg
f/basiclayer/pgfcoreimage.code.tex"
File: pgfcoreimage.code.tex 2023-01-15 v3.1.10 (3.1.10)
)
("/Users/frank/Library/Application Support/MiKTeX/texmfs/install/tex/generic/pg
f/basiclayer/pgfcoreexternal.code.tex"
File: pgfcoreexternal.code.tex 2023-01-15 v3.1.10 (3.1.10)
\pgfexternal@startupbox=\box81
)
("/Users/frank/Library/Application Support/MiKTeX/texmfs/install/tex/generic/pg
f/basiclayer/pgfcorelayers.code.tex"
File: pgfcorelayers.code.tex 2023-01-15 v3.1.10 (3.1.10)
)
("/Users/frank/Library/Application Support/MiKTeX/texmfs/install/tex/generic/pg
f/basiclayer/pgfcoretransparency.code.tex"
File: pgfcoretransparency.code.tex 2023-01-15 v3.1.10 (3.1.10)
)
("/Users/frank/Library/Application Support/MiKTeX/texmfs/install/tex/generic/pg
f/basiclayer/pgfcorepatterns.code.tex"
File: pgfcorepatterns.code.tex 2023-01-15 v3.1.10 (3.1.10)
)
("/Users/frank/Library/Application Support/MiKTeX/texmfs/install/tex/generic/pg
f/basiclayer/pgfcorerdf.code.tex"
File: pgfcorerdf.code.tex 2023-01-15 v3.1.10 (3.1.10)
)))
("/Users/frank/Library/Application Support/MiKTeX/texmfs/install/tex/generic/pg
f/modules/pgfmoduleshapes.code.tex"
File: pgfmoduleshapes.code.tex 2023-01-15 v3.1.10 (3.1.10)
\pgfnodeparttextbox=\box82
)
("/Users/frank/Library/Application Support/MiKTeX/texmfs/install/tex/generic/pg
f/modules/pgfmoduleplot.code.tex"
File: pgfmoduleplot.code.tex 2023-01-15 v3.1.10 (3.1.10)
)
("/Users/frank/Library/Application Support/MiKTeX/texmfs/install/tex/latex/pgf/
compatibility/pgfcomp-version-0-65.sty"
Package: pgfcomp-version-0-65 2023-01-15 v3.1.10 (3.1.10)
\pgf@nodesepstart=\dimen300
\pgf@nodesepend=\dimen301
)
("/Users/frank/Library/Application Support/MiKTeX/texmfs/install/tex/latex/pgf/
compatibility/pgfcomp-version-1-18.sty"
Package: pgfcomp-version-1-18 2023-01-15 v3.1.10 (3.1.10)
))
("/Users/frank/Library/Application Support/MiKTeX/texmfs/install/tex/latex/pgf/
utilities/pgffor.sty"
("/Users/frank/Library/Application Support/MiKTeX/texmfs/install/tex/latex/pgf/
utilities/pgfkeys.sty"
("/Users/frank/Library/Application Support/MiKTeX/texmfs/install/tex/generic/pg
f/utilities/pgfkeys.code.tex"))
("/Users/frank/Library/Application Support/MiKTeX/texmfs/install/tex/latex/pgf/
math/pgfmath.sty"
("/Users/frank/Library/Application Support/MiKTeX/texmfs/install/tex/generic/pg
f/math/pgfmath.code.tex"))
("/Users/frank/Library/Application Support/MiKTeX/texmfs/install/tex/generic/pg
f/utilities/pgffor.code.tex"
Package: pgffor 2023-01-15 v3.1.10 (3.1.10)
\pgffor@iter=\dimen302
\pgffor@skip=\dimen303
\pgffor@stack=\toks49
\pgffor@toks=\toks50
))
("/Users/frank/Library/Application Support/MiKTeX/texmfs/install/tex/generic/pg
f/frontendlayer/tikz/tikz.code.tex"
Package: tikz 2023-01-15 v3.1.10 (3.1.10)

("/Users/frank/Library/Application Support/MiKTeX/texmfs/install/tex/generic/pg
f/libraries/pgflibraryplothandlers.code.tex"
File: pgflibraryplothandlers.code.tex 2023-01-15 v3.1.10 (3.1.10)
\pgf@plot@mark@count=\count356
\pgfplotmarksize=\dimen304
)
\tikz@lastx=\dimen305
\tikz@lasty=\dimen306
\tikz@lastxsaved=\dimen307
\tikz@lastysaved=\dimen308
\tikz@lastmovetox=\dimen309
\tikz@lastmovetoy=\dimen310
\tikzleveldistance=\dimen311
\tikzsiblingdistance=\dimen312
\tikz@figbox=\box83
\tikz@figbox@bg=\box84
\tikz@tempbox=\box85
\tikz@tempbox@bg=\box86
\tikztreelevel=\count357
\tikznumberofchildren=\count358
\tikznumberofcurrentchild=\count359
\tikz@fig@count=\count360

("/Users/frank/Library/Application Support/MiKTeX/texmfs/install/tex/generic/pg
f/modules/pgfmodulematrix.code.tex"
File: pgfmodulematrix.code.tex 2023-01-15 v3.1.10 (3.1.10)
\pgfmatrixcurrentrow=\count361
\pgfmatrixcurrentcolumn=\count362
\pgf@matrix@numberofcolumns=\count363
)
\tikz@expandcount=\count364

("/Users/frank/Library/Application Support/MiKTeX/texmfs/install/tex/generic/pg
f/frontendlayer/tikz/libraries/tikzlibrarytopaths.code.tex"
File: tikzlibrarytopaths.code.tex 2023-01-15 v3.1.10 (3.1.10)
)))
("/Users/frank/Library/Application Support/MiKTeX/texmfs/install/tex/generic/pg
f/frontendlayer/tikz/libraries/tikzlibraryarrows.code.tex"
File: tikzlibraryarrows.code.tex 2023-01-15 v3.1.10 (3.1.10)

("/Users/frank/Library/Application Support/MiKTeX/texmfs/install/tex/generic/pg
f/libraries/pgflibraryarrows.code.tex"
File: pgflibraryarrows.code.tex 2023-01-15 v3.1.10 (3.1.10)
\arrowsize=\dimen313
))
("/Users/frank/Library/Application Support/MiKTeX/texmfs/install/tex/generic/pg
f/frontendlayer/tikz/libraries/tikzlibrarybackgrounds.code.tex"
File: tikzlibrarybackgrounds.code.tex 2023-01-15 v3.1.10 (3.1.10)
\pgf@layerbox@background=\box87
\pgf@layerboxsaved@background=\box88
)
("/Users/frank/Library/Application Support/MiKTeX/texmfs/install/tex/generic/pg
f/frontendlayer/tikz/libraries/tikzlibrarycalc.code.tex"
File: tikzlibrarycalc.code.tex 2023-01-15 v3.1.10 (3.1.10)
)
("/Users/frank/Library/Application Support/MiKTeX/texmfs/install/tex/generic/pg
f/frontendlayer/tikz/libraries/tikzlibrarypatterns.code.tex"
File: tikzlibrarypatterns.code.tex 2023-01-15 v3.1.10 (3.1.10)

("/Users/frank/Library/Application Support/MiKTeX/texmfs/install/tex/generic/pg
f/libraries/pgflibrarypatterns.code.tex"
File: pgflibrarypatterns.code.tex 2023-01-15 v3.1.10 (3.1.10)
))
("/Users/frank/Library/Application Support/MiKTeX/texmfs/install/tex/generic/pg
f/frontendlayer/tikz/libraries/tikzlibrarypositioning.code.tex"
File: tikzlibrarypositioning.code.tex 2023-01-15 v3.1.10 (3.1.10)
)
("/Users/frank/Library/Application Support/MiKTeX/texmfs/install/tex/generic/pg
f/frontendlayer/tikz/libraries/tikzlibraryshapes.geometric.code.tex"
File: tikzlibraryshapes.geometric.code.tex 2023-01-15 v3.1.10 (3.1.10)

("/Users/frank/Library/Application Support/MiKTeX/texmfs/install/tex/generic/pg
f/libraries/shapes/pgflibraryshapes.geometric.code.tex"
File: pgflibraryshapes.geometric.code.tex 2023-01-15 v3.1.10 (3.1.10)
))
("/Users/frank/Library/Application Support/MiKTeX/texmfs/install/tex/latex/pgf/
utilities/pgfcalendar.sty"
("/Users/frank/Library/Application Support/MiKTeX/texmfs/install/tex/generic/pg
f/utilities/pgfcalendar.code.tex"
File: pgfcalendar.code.tex 2023-01-15 v3.1.10 (3.1.10)
\pgfcalendarcurrentjulian=\count365
\pgf@cal@easter@Y=\count366
\pgf@cal@easter@G=\count367
\pgf@cal@easter@C=\count368
\pgf@cal@easter@X=\count369
\pgf@cal@easter@Z=\count370
\pgf@cal@easter@D=\count371
\pgf@cal@easter@E=\count372
\pgf@cal@easter@N=\count373
\pgf@cal@easter@M=\count374
\pgf@cal@easter@julianday=\count375
))
\gtt@currentline=\count376
\gtt@lasttitleline=\count377
\gtt@currgrid=\count378
\gtt@chartwidth=\count379
\gtt@lasttitleslot=\count380
\gtt@elementid=\count381
\gtt@today@slot=\count382
\gtt@startjulian=\count383
\gtt@endjulian=\count384
\gtt@chartid=\count385
\gtt@vrule@slot=\count386
\gtt@calendar@slots=\count387
\gtt@calendar@weeknumber=\count388
\gtt@calendar@startofweek=\count389
\gtt@left@slot=\count390
\gtt@right@slot=\count391
)
("/Users/frank/Library/Application Support/MiKTeX/texmfs/install/tex/latex/tocl
oft/tocloft.sty"
Package: tocloft 2017/08/31 v2.3i parameterised ToC, etc., typesetting
Package tocloft Info: The document has chapter divisions on input line 51.
\cftparskip=\skip98
\cftbeforetoctitleskip=\skip99
\cftaftertoctitleskip=\skip100
\cftbeforepartskip=\skip101
\cftpartnumwidth=\skip102
\cftpartindent=\skip103
\cftbeforechapskip=\skip104
\cftchapindent=\skip105
\cftchapnumwidth=\skip106
\cftbeforesecskip=\skip107
\cftsecindent=\skip108
\cftsecnumwidth=\skip109
\cftbeforesubsecskip=\skip110
\cftsubsecindent=\skip111
\cftsubsecnumwidth=\skip112
\cftbeforesubsubsecskip=\skip113
\cftsubsubsecindent=\skip114
\cftsubsubsecnumwidth=\skip115
\cftbeforeparaskip=\skip116
\cftparaindent=\skip117
\cftparanumwidth=\skip118
\cftbeforesubparaskip=\skip119
\cftsubparaindent=\skip120
\cftsubparanumwidth=\skip121
\cftbeforeloftitleskip=\skip122
\cftafterloftitleskip=\skip123
\cftbeforefigskip=\skip124
\cftfigindent=\skip125
\cftfignumwidth=\skip126
\c@lofdepth=\count392
\c@lotdepth=\count393
\cftbeforelottitleskip=\skip127
\cftafterlottitleskip=\skip128
\cftbeforetabskip=\skip129
\cfttabindent=\skip130
\cfttabnumwidth=\skip131
) (./Protocolo.aux
LaTeX Info: Redefining \. on input line 20.
LaTeX Info: Redefining \% on input line 20.
Package babel Info: No hyphenation patterns were set for
(babel)             language 'spanish'. Reported on input line 20.
 (./a_Introduccion.aux) (./b_Fundamentos.aux) (./c_EstadoArte.aux) (./e_Metodol
ogia.aux) (./f_cronogama.aux))
\openout1 = Protocolo.aux

LaTeX Font Info:    Checking defaults for OML/cmm/m/it on input line 27.
LaTeX Font Info:    ... okay on input line 27.
LaTeX Font Info:    Checking defaults for OMS/cmsy/m/n on input line 27.
LaTeX Font Info:    ... okay on input line 27.
LaTeX Font Info:    Checking defaults for OT1/cmr/m/n on input line 27.
LaTeX Font Info:    ... okay on input line 27.
LaTeX Font Info:    Checking defaults for T1/cmr/m/n on input line 27.
LaTeX Font Info:    ... okay on input line 27.
LaTeX Font Info:    Checking defaults for TS1/cmr/m/n on input line 27.
LaTeX Font Info:    Trying to load font information for TS1+cmr on input line 2
7.

("/Users/frank/Library/Application Support/MiKTeX/texmfs/install/tex/latex/base
/ts1cmr.fd"
File: ts1cmr.fd 2023/04/13 v2.5m Standard LaTeX font definitions
)
LaTeX Font Info:    ... okay on input line 27.
LaTeX Font Info:    Checking defaults for TU/lmr/m/n on input line 27.
LaTeX Font Info:    ... okay on input line 27.
LaTeX Font Info:    Checking defaults for OMX/cmex/m/n on input line 27.
LaTeX Font Info:    ... okay on input line 27.
LaTeX Font Info:    Checking defaults for U/cmr/m/n on input line 27.
LaTeX Font Info:    ... okay on input line 27.
LaTeX Font Info:    Checking defaults for FML/futm/m/it on input line 27.
LaTeX Font Info:    Trying to load font information for FML+futm on input line 
27.

("/Users/frank/Library/Application Support/MiKTeX/texmfs/install/tex/latex/four
ier/fmlfutm.fd"
File: fmlfutm.fd 2004/10/30 Fontinst v1.926 font definitions for FML/futm.
)
LaTeX Font Info:    ... okay on input line 27.
LaTeX Font Info:    Checking defaults for FMS/futm/m/n on input line 27.
LaTeX Font Info:    Trying to load font information for FMS+futm on input line 
27.

("/Users/frank/Library/Application Support/MiKTeX/texmfs/install/tex/latex/four
ier/fmsfutm.fd"
File: fmsfutm.fd 2004/10/30 Fontinst v1.926 font definitions for FMS/futm.
)
LaTeX Font Info:    ... okay on input line 27.
LaTeX Font Info:    Checking defaults for FMX/futm/m/n on input line 27.
LaTeX Font Info:    Trying to load font information for FMX+futm on input line 
27.

("/Users/frank/Library/Application Support/MiKTeX/texmfs/install/tex/latex/four
ier/fmxfutm.fd"
File: fmxfutm.fd futm-extension
)
LaTeX Font Info:    ... okay on input line 27.
LaTeX Font Info:    Checking defaults for PD1/pdf/m/n on input line 27.
LaTeX Font Info:    ... okay on input line 27.
LaTeX Font Info:    Checking defaults for PU/pdf/m/n on input line 27.
LaTeX Font Info:    ... okay on input line 27.
LaTeX Info: Redefining \microtypecontext on input line 27.
Package microtype Info: Applying patch `item' on input line 27.
Package microtype Info: Applying patch `toc' on input line 27.
Package microtype Info: Applying patch `eqnum' on input line 27.


Package microtype Warning: Unable to apply patch `footnote' on input line 27.

Package microtype Info: Applying patch `verbatim' on input line 27.
Package microtype Info: Generating PDF output.
Package microtype Info: Character protrusion enabled (level 2).
Package microtype Info: Using default protrusion set `alltext'.
Package microtype Info: Automatic font expansion enabled (level 2),
(microtype)             stretch: 20, shrink: 20, step: 1, non-selected.
Package microtype Info: Using default expansion set `alltext-nott'.
LaTeX Info: Redefining \showhyphens on input line 27.
Package microtype Info: No adjustment of tracking.
Package microtype Info: No adjustment of spacing.
Package microtype Info: No adjustment of kerning.
Package microtype Info: Loading generic protrusion settings for font family
(microtype)             `montserrat' (encoding: TU).
(microtype)             For optimal results, create family-specific settings.
(microtype)             See the microtype manual for details.
LaTeX Font Info:    Redeclaring math accent \widehat on input line 27.
LaTeX Font Info:    Redeclaring math accent \widetilde on input line 27.
LaTeX Info: Redefining \. on input line 27.
LaTeX Info: Redefining \% on input line 27.
Package babel Info: No hyphenation patterns were set for
(babel)             language 'spanish'. Reported on input line 27.
*geometry* driver: auto-detecting
*geometry* detected driver: luatex
*geometry* verbose mode - [ preamble ] result:
* driver: luatex
* paper: letterpaper
* layout: <same size as paper>
* layoutoffset:(h,v)=(0.0pt,0.0pt)
* modes: 
* h-part:(L,W,R)=(85.35826pt, 457.80486pt, 71.13188pt)
* v-part:(T,H,B)=(85.35826pt, 624.25346pt, 85.35826pt)
* \paperwidth=614.295pt
* \paperheight=794.96999pt
* \textwidth=457.80486pt
* \textheight=624.25346pt
* \oddsidemargin=13.08827pt
* \evensidemargin=13.08827pt
* \topmargin=-18.78552pt
* \headheight=12.0pt
* \headsep=19.8738pt
* \topskip=11.0pt
* \footskip=27.46295pt
* \marginparwidth=62.0pt
* \marginparsep=7.0pt
* \columnsep=10.0pt
* \skip\footins=10.0pt plus 4.0pt minus 2.0pt
* \hoffset=0.0pt
* \voffset=0.0pt
* \mag=1000
* \@twocolumnfalse
* \@twosidefalse
* \@mparswitchfalse
* \@reversemarginfalse
* (1in=72.27pt=25.4mm, 1cm=28.453pt)


("/Users/frank/Library/Application Support/MiKTeX/texmfs/install/tex/context/ba
se/mkii/supp-pdf.mkii"
[Loading MPS to PDF converter (version 2006.09.02).]
\scratchcounter=\count394
\scratchdimen=\dimen314
\scratchbox=\box89
\nofMPsegments=\count395
\nofMParguments=\count396
\everyMPshowfont=\toks51
\MPscratchCnt=\count397
\MPscratchDim=\dimen315
\MPnumerator=\count398
\makeMPintoPDFobject=\count399
\everyMPtoPDFconversion=\toks52
)
("/Users/frank/Library/Application Support/MiKTeX/texmfs/install/tex/latex/epst
opdf-pkg/epstopdf-base.sty"
Package: epstopdf-base 2020-01-24 v2.11 Base part for package epstopdf
Package epstopdf-base Info: Redefining graphics rule for `.eps' on input line 4
85.

("/Users/frank/Library/Application Support/MiKTeX/texmfs/install/tex/latex/00mi
ktex/epstopdf-sys.cfg"
File: epstopdf-sys.cfg 2021/03/18 v2.0 Configuration of epstopdf for MiKTeX
))
Package caption Info: Begin \AtBeginDocument code.
Package caption Info: hyperref package is loaded.
Package caption Info: listings package is loaded.
Package caption Info: End \AtBeginDocument code.

("/Users/frank/Library/Application Support/MiKTeX/texmfs/install/tex/latex/tran
slations/dicts/translations-basic-dictionary-spanish.trsl"
File: translations-basic-dictionary-spanish.trsl (spanish translation file `tra
nslations-basic-dictionary')
)
Package translations Info: loading dictionary `translations-basic-dictionary' f
or `spanish'. on input line 27.
Package hyperref Info: Link coloring ON on input line 27.
 (./Protocolo.out)
(./Protocolo.out)
\@outlinefile=\write5

\openout5 = Protocolo.out
\c@lstlisting=\count400
<./figuras/logoSEP-TecNM-ITTol.png, id=54, 1136.245pt x 114.4275pt>
File: ./figuras/logoSEP-TecNM-ITTol.png Graphic file (type png)
<use ./figuras/logoSEP-TecNM-ITTol.png>
Package luatex.def Info: ./figuras/logoSEP-TecNM-ITTol.png  used on input line 
29.
(luatex.def)             Requested size: 457.80486pt x 46.10367pt.
Package microtype Info: Loading generic protrusion settings for font family
(microtype)             `futs' (encoding: T1).
(microtype)             For optimal results, create family-specific settings.
(microtype)             See the microtype manual for details.
LaTeX Font Info:    Trying to load font information for FML+futmi on input line
 29.

("/Users/frank/Library/Application Support/MiKTeX/texmfs/install/tex/latex/four
ier/fmlfutmi.fd"
File: fmlfutmi.fd 2004/10/30 Fontinst v1.926 font definitions for FML/futmi.
)
LaTeX Font Info:    Font shape `FMX/futm/m/n' will be
(Font)              scaled to size 10.07397pt on input line 29.
LaTeX Font Info:    Font shape `FMX/futm/m/n' will be
(Font)              scaled to size 7.63599pt on input line 29.
LaTeX Font Info:    Font shape `FMX/futm/m/n' will be
(Font)              scaled to size 5.51999pt on input line 29.
LaTeX Font Info:    Font shape `U/futm/m/n' will be
(Font)              scaled to size 10.07397pt on input line 29.
LaTeX Font Info:    Font shape `U/futm/m/n' will be
(Font)              scaled to size 7.63599pt on input line 29.
LaTeX Font Info:    Font shape `U/futm/m/n' will be
(Font)              scaled to size 5.51999pt on input line 29.
LaTeX Font Info:    Trying to load font information for U+msa on input line 29.


("/Users/frank/Library/Application Support/MiKTeX/texmfs/install/tex/latex/amsf
onts/umsa.fd"
File: umsa.fd 2013/01/14 v3.01 AMS symbols A
)
("/Users/frank/Library/Application Support/MiKTeX/texmfs/install/tex/latex/micr
otype/mt-msa.cfg"
File: mt-msa.cfg 2006/02/04 v1.1 microtype config. file: AMS symbols (a) (RS)
)
LaTeX Font Info:    Trying to load font information for U+msb on input line 29.


("/Users/frank/Library/Application Support/MiKTeX/texmfs/install/tex/latex/amsf
onts/umsb.fd"
File: umsb.fd 2013/01/14 v3.01 AMS symbols B
)
("/Users/frank/Library/Application Support/MiKTeX/texmfs/install/tex/latex/micr
otype/mt-msb.cfg"
File: mt-msb.cfg 2005/06/01 v1.0 microtype config. file: AMS symbols (b) (RS)
)
LaTeX Font Info:    Trying to load font information for U+rsfs on input line 29
.

("/Users/frank/Library/Application Support/MiKTeX/texmfs/install/tex/latex/jkna
ppen/ursfs.fd"
File: ursfs.fd 1998/03/24 rsfs font definition file (jk)
)
luaotfload | cache : Lookup cache loaded from /Users/frank/Library/Application S
upport/MiKTeX/texmfs/data/luatex-cache/generic/names/luaotfload-lookup-cache.luc
.
luaotfload | db : Reload initiated (formats: otf,ttf,ttc); reason: Font "rsfs10"
 not found.
luaotfload | resolve : sequence of 3 lookups yielded nothing appropriate.
luaotfload | resolve : sequence of 3 lookups yielded nothing appropriate.
luaotfload | resolve : sequence of 3 lookups yielded nothing appropriate.
luaotfload | resolve : sequence of 3 lookups yielded nothing appropriate.
luaotfload | resolve : sequence of 3 lookups yielded nothing appropriate.
luaotfload | resolve : sequence of 3 lookups yielded nothing appropriate.
luaotfload | resolve : sequence of 3 lookups yielded nothing appropriate.
Overfull \hbox (1.91258pt too wide) in paragraph at lines 29--29
[]$[]$ $[]$ 
 []

[1


{/Users/frank/Library/Application Support/MiKTeX/texmfs/data/fonts/map/pdftex/pd
ftex.map}<./figuras/logoSEP-TecNM-ITTol.png>] (./Protocolo.toc
LaTeX Info: Redefining \. on input line 1.
LaTeX Info: Redefining \% on input line 1.
Package babel Info: No hyphenation patterns were set for
(babel)             language 'spanish'. Reported on input line 1.
)
\tf@toc=\write6

\openout6 = Protocolo.toc
LaTeX Font Info:    Font shape `TU/montserrat(0)/m/sl' in size <10.95> not avai
lable
(Font)              Font shape `TU/montserrat(0)/m/it' tried instead on input l
ine 60.
LaTeX Info: Redefining \. on input line 60.
LaTeX Info: Redefining \% on input line 60.
Package babel Info: No hyphenation patterns were set for
(babel)             language 'spanish'. Reported on input line 60.
LaTeX Info: Redefining \. on input line 60.
LaTeX Info: Redefining \% on input line 60.
Package babel Info: No hyphenation patterns were set for
(babel)             language 'spanish'. Reported on input line 60.


Package fancyhdr Warning: \headheight is too small (12.0pt): 
(fancyhdr)                Make it at least 13.72697pt, for example:
(fancyhdr)                \setlength{\headheight}{13.72697pt}.
(fancyhdr)                You might also make \topmargin smaller to compensate:

(fancyhdr)                \addtolength{\topmargin}{-1.72697pt}.

[1

]
\openout2 = a_Introduccion.aux
 (./a_Introduccion.tex
Overfull \hbox (1.66476pt too wide) in paragraph at lines 11--12
\TU/montserrat(0)/m/n/10.95 Las redes neuronales han demostrado ser una herramie
nta eficaz para abordar diversos
 []


Overfull \hbox (1.07185pt too wide) in paragraph at lines 13--14
[]\TU/montserrat(0)/m/n/10.95 Sin embargo, a pesar de los avances en el uso de 
redes neuronales en el reconocimiento
 []

)
LaTeX Info: Redefining \. on input line 64.
LaTeX Info: Redefining \% on input line 64.
Package babel Info: No hyphenation patterns were set for
(babel)             language 'spanish'. Reported on input line 64.
LaTeX Info: Redefining \. on input line 64.
LaTeX Info: Redefining \% on input line 64.
Package babel Info: No hyphenation patterns were set for
(babel)             language 'spanish'. Reported on input line 64.


Package fancyhdr Warning: \headheight is too small (12.0pt): 
(fancyhdr)                Make it at least 13.72697pt, for example:
(fancyhdr)                \setlength{\headheight}{13.72697pt}.
(fancyhdr)                You might also make \topmargin smaller to compensate:

(fancyhdr)                \addtolength{\topmargin}{-1.72697pt}.


warning  (pdf backend): ignoring duplicate destination with the name 'page.1'
[1


]
\openout2 = b_Fundamentos.aux
 (./b_Fundamentos.tex
Overfull \hbox (7.0101pt too wide) in paragraph at lines 14--15
[]\TU/montserrat(0)/m/n/10.95 1. Redes Neuronales: Se analizarn las redes neur
onales como modelos computacionales
 []


Overfull \hbox (10.6184pt too wide) in paragraph at lines 18--19
[]\TU/montserrat(0)/m/n/10.95 3. Procesamiento de Seales de Audio: Se explorar
n los fundamentos del procesamiento
 []

LaTeX Info: Redefining \. on input line 23.
LaTeX Info: Redefining \% on input line 23.
Package babel Info: No hyphenation patterns were set for
(babel)             language 'spanish'. Reported on input line 23.
LaTeX Info: Redefining \. on input line 23.
LaTeX Info: Redefining \% on input line 23.
Package babel Info: No hyphenation patterns were set for
(babel)             language 'spanish'. Reported on input line 23.

Package fancyhdr Warning: \headheight is too small (12.0pt): 
(fancyhdr)                Make it at least 13.72697pt, for example:
(fancyhdr)                \setlength{\headheight}{13.72697pt}.
(fancyhdr)                You might also make \topmargin smaller to compensate:

(fancyhdr)                \addtolength{\topmargin}{-1.72697pt}.

[2



]
LaTeX Info: Redefining \. on input line 25.
LaTeX Info: Redefining \% on input line 25.
Package babel Info: No hyphenation patterns were set for
(babel)             language 'spanish'. Reported on input line 25.
LaTeX Info: Redefining \. on input line 25.
LaTeX Info: Redefining \% on input line 25.
Package babel Info: No hyphenation patterns were set for
(babel)             language 'spanish'. Reported on input line 25.


Package fancyhdr Warning: \headheight is too small (12.0pt): 
(fancyhdr)                Make it at least 13.72697pt, for example:
(fancyhdr)                \setlength{\headheight}{13.72697pt}.
(fancyhdr)                You might also make \topmargin smaller to compensate:

(fancyhdr)                \addtolength{\topmargin}{-1.72697pt}.

[3]
Overfull \hbox (1.66476pt too wide) in paragraph at lines 28--29
\TU/montserrat(0)/m/n/10.95 Las redes neuronales han demostrado ser una herramie
nta eficaz para abordar diversos
 []


Overfull \hbox (1.07185pt too wide) in paragraph at lines 30--31
[]\TU/montserrat(0)/m/n/10.95 Sin embargo, a pesar de los avances en el uso de 
redes neuronales en el reconocimiento
 []

)
LaTeX Info: Redefining \. on input line 65.
LaTeX Info: Redefining \% on input line 65.
Package babel Info: No hyphenation patterns were set for
(babel)             language 'spanish'. Reported on input line 65.
LaTeX Info: Redefining \. on input line 65.
LaTeX Info: Redefining \% on input line 65.
Package babel Info: No hyphenation patterns were set for
(babel)             language 'spanish'. Reported on input line 65.


Package fancyhdr Warning: \headheight is too small (12.0pt): 
(fancyhdr)                Make it at least 13.72697pt, for example:
(fancyhdr)                \setlength{\headheight}{13.72697pt}.
(fancyhdr)                You might also make \topmargin smaller to compensate:

(fancyhdr)                \addtolength{\topmargin}{-1.72697pt}.

[4]
\openout2 = c_EstadoArte.aux
 (./c_EstadoArte.tex)
LaTeX Info: Redefining \. on input line 66.
LaTeX Info: Redefining \% on input line 66.
Package babel Info: No hyphenation patterns were set for
(babel)             language 'spanish'. Reported on input line 66.
LaTeX Info: Redefining \. on input line 66.
LaTeX Info: Redefining \% on input line 66.
Package babel Info: No hyphenation patterns were set for
(babel)             language 'spanish'. Reported on input line 66.


Package fancyhdr Warning: \headheight is too small (12.0pt): 
(fancyhdr)                Make it at least 13.72697pt, for example:
(fancyhdr)                \setlength{\headheight}{13.72697pt}.
(fancyhdr)                You might also make \topmargin smaller to compensate:

(fancyhdr)                \addtolength{\topmargin}{-1.72697pt}.

[5



]
\openout2 = e_Metodologia.aux
 (./e_Metodologia.tex
Overfull \hbox (17.35658pt too wide) in paragraph at lines 8--9
\TU/montserrat(0)/m/n/10.95 neuronales para su implementacin en un prototipo 
embebido. El objetivo es comprender
 []


Overfull \hbox (1.68822pt too wide) in paragraph at lines 14--15
\TU/montserrat(0)/m/n/10.95 seleccionar casos especficos dentro de cada contex
to para realizar un anlisis detallado
 []


Overfull \hbox (31.61601pt too wide) in paragraph at lines 20--21
\TU/montserrat(0)/m/n/10.95 Los instrumentos utilizados en esta investigacin 
pueden incluir cuestionarios estructurados,
 []

LaTeX Info: Redefining \. on input line 21.
LaTeX Info: Redefining \% on input line 21.
Package babel Info: No hyphenation patterns were set for
(babel)             language 'spanish'. Reported on input line 21.
LaTeX Info: Redefining \. on input line 21.
LaTeX Info: Redefining \% on input line 21.
Package babel Info: No hyphenation patterns were set for
(babel)             language 'spanish'. Reported on input line 21.

Package fancyhdr Warning: \headheight is too small (12.0pt): 
(fancyhdr)                Make it at least 13.72697pt, for example:
(fancyhdr)                \setlength{\headheight}{13.72697pt}.
(fancyhdr)                You might also make \topmargin smaller to compensate:

(fancyhdr)                \addtolength{\topmargin}{-1.72697pt}.

[6



])
Overfull \hbox (11.43047pt too wide) in paragraph at lines 25--68
[]\TU/montserrat(0)/m/n/10.95 El diseo de investigacin propuesto permitir
 explorar y describir de manera sistemtica
 []

LaTeX Info: Redefining \. on input line 68.
LaTeX Info: Redefining \% on input line 68.
Package babel Info: No hyphenation patterns were set for
(babel)             language 'spanish'. Reported on input line 68.
LaTeX Info: Redefining \. on input line 68.
LaTeX Info: Redefining \% on input line 68.
Package babel Info: No hyphenation patterns were set for
(babel)             language 'spanish'. Reported on input line 68.

Package fancyhdr Warning: \headheight is too small (12.0pt): 
(fancyhdr)                Make it at least 13.72697pt, for example:
(fancyhdr)                \setlength{\headheight}{13.72697pt}.
(fancyhdr)                You might also make \topmargin smaller to compensate:

(fancyhdr)                \addtolength{\topmargin}{-1.72697pt}.

[7]
\openout2 = f_cronogama.aux
 (./f_cronogama.tex)
LaTeX Info: Redefining \. on input line 69.
LaTeX Info: Redefining \% on input line 69.
Package babel Info: No hyphenation patterns were set for
(babel)             language 'spanish'. Reported on input line 69.
LaTeX Info: Redefining \. on input line 69.
LaTeX Info: Redefining \% on input line 69.
Package babel Info: No hyphenation patterns were set for
(babel)             language 'spanish'. Reported on input line 69.


Package fancyhdr Warning: \headheight is too small (12.0pt): 
(fancyhdr)                Make it at least 13.72697pt, for example:
(fancyhdr)                \setlength{\headheight}{13.72697pt}.
(fancyhdr)                You might also make \topmargin smaller to compensate:

(fancyhdr)                \addtolength{\topmargin}{-1.72697pt}.

[8



] (./Protocolo.bbl
LaTeX Info: Redefining \. on input line 72.
LaTeX Info: Redefining \% on input line 72.
Package babel Info: No hyphenation patterns were set for
(babel)             language 'spanish'. Reported on input line 72.
LaTeX Info: Redefining \. on input line 72.
LaTeX Info: Redefining \% on input line 72.
Package babel Info: No hyphenation patterns were set for
(babel)             language 'spanish'. Reported on input line 72.


Package fancyhdr Warning: \headheight is too small (12.0pt): 
(fancyhdr)                Make it at least 13.72697pt, for example:
(fancyhdr)                \setlength{\headheight}{13.72697pt}.
(fancyhdr)                You might also make \topmargin smaller to compensate:

(fancyhdr)                \addtolength{\topmargin}{-1.72697pt}.

[9




]
Package microtype Info: Loading generic protrusion settings for font family
(microtype)             `lmtt' (encoding: TU).
(microtype)             For optimal results, create family-specific settings.
(microtype)             See the microtype manual for details.

Underfull \hbox (badness 1412) in paragraph at lines 77--82
[]\TU/montserrat(0)/m/n/10.95 M. Matich.  Redes neuronales: Conceptos bsicos 
y aplicaciones.  [][]$\TU/lmtt/m/n/10.95 https:
 []


Underfull \hbox (badness 10000) in paragraph at lines 77--82
\TU/lmtt/m/n/10.95 //www.frro.utn.edu.ar/repositorio/catedras/quimica/5_anio/ori
entadora1/
 []

)
LaTeX Info: Redefining \. on input line 89.
LaTeX Info: Redefining \% on input line 89.
Package babel Info: No hyphenation patterns were set for
(babel)             language 'spanish'. Reported on input line 89.
LaTeX Info: Redefining \. on input line 89.
LaTeX Info: Redefining \% on input line 89.
Package babel Info: No hyphenation patterns were set for
(babel)             language 'spanish'. Reported on input line 89.


Package fancyhdr Warning: \headheight is too small (12.0pt): 
(fancyhdr)                Make it at least 13.72697pt, for example:
(fancyhdr)                \setlength{\headheight}{13.72697pt}.
(fancyhdr)                You might also make \topmargin smaller to compensate:

(fancyhdr)                \addtolength{\topmargin}{-1.72697pt}.

[10] (./Protocolo.aux
LaTeX Info: Redefining \. on input line 20.
LaTeX Info: Redefining \% on input line 20.
Package babel Info: No hyphenation patterns were set for
(babel)             language 'spanish'. Reported on input line 20.
 (./a_Introduccion.aux) (./b_Fundamentos.aux)
(./c_EstadoArte.aux) (./e_Metodologia.aux) (./f_cronogama.aux))
 ***********
LaTeX2e <2023-06-01> patch level 1
L3 programming layer <2023-08-29>
 ***********
Package rerunfilecheck Info: File `Protocolo.out' has not changed.
(rerunfilecheck)             Checksum: E351743B34FB369D99DD02B6DC082D41;1935.
)
(\end occurred inside a group at level 1)

### semi simple group (level 1) entered at line 76 (\begingroup)
### bottom level

Here is how much of LuaTeX's memory you used:
 39148 strings out of 477282
 125240,1977958 words of node,token memory allocated
 952 words of node memory still in use:
   8 hlist, 2 vlist, 3 rule, 1 local_par, 5 glue, 4 kern, 1 penalty, 3 glyph, 16
 attribute, 124 glue_spec, 10 attribute_list, 2 write, 1 pdf_action nodes
   avail lists: 1:1,2:3316,3:1275,4:85,5:628,6:56,7:5047,8:119,9:604,10:10,11:6
 59293 multiletter control sequences out of 65536+600000
 88 fonts using 10251007 bytes
 99i,11n,102p,1333b,13880s stack positions out of 10000i,1000n,20000p,200000b,200000s
</Users/frank/Library/Application Support/MiKTeX/texmfs/install/fonts/opentype/p
ublic/lm/lmmono10-regular.otf></Users/frank/Library/Application Support/MiKTeX/t
exmfs/install/fonts/opentype/public/montserrat/Montserrat-Italic.otf></Users/fra
nk/Library/Application Support/MiKTeX/texmfs/install/fonts/opentype/public/monts
errat/Montserrat-Regular.otf></Users/frank/Library/Application Support/MiKTeX/te
xmfs/install/fonts/opentype/public/montserrat/Montserrat-Bold.otf>
Output written on Protocolo.pdf (12 pages, 233925 bytes).

PDF statistics: 218 PDF objects out of 1000 (max. 8388607)
 45 named destinations out of 1000 (max. 131072)
 112 words of extra memory for PDF output out of 10000 (max. 100000000)

